2023-02-27 10:44:53.397 [info] Log level: Info
2023-02-27 10:44:53.397 [info] Validating found git in: "git"
2023-02-27 10:44:53.397 [info] Using git "2.17.1" from "git"
2023-02-27 10:44:53.397 [info] > git rev-parse --show-toplevel [6ms]
2023-02-27 10:44:53.397 [info] > git rev-parse --git-dir --git-common-dir [3ms]
2023-02-27 10:44:53.397 [info] Open repository: /projects/attentive-object-detection
2023-02-27 10:44:53.397 [info] > git rev-parse --show-toplevel [5ms]
2023-02-27 10:44:53.397 [info] > git rev-parse --show-toplevel [4ms]
2023-02-27 10:44:53.397 [info] > git config --get commit.template [10ms]
2023-02-27 10:44:53.397 [info] > git rev-parse --show-toplevel [2ms]
2023-02-27 10:44:53.404 [info] > git rev-parse --show-toplevel [4ms]
2023-02-27 10:44:53.407 [info] > git for-each-ref --format=%(refname)%00%(upstream:short)%00%(objectname)%00%(upstream:track)%00%(upstream:remotename)%00%(upstream:remoteref) refs/heads/main refs/remotes/main [4ms]
2023-02-27 10:44:53.415 [info] > git rev-parse --show-toplevel [8ms]
2023-02-27 10:44:53.420 [info] > git status -z -uall [10ms]
2023-02-27 10:44:53.420 [info] > git rev-parse --show-toplevel [1ms]
2023-02-27 10:44:53.426 [info] > git for-each-ref --sort -committerdate --format %(refname) %(objectname) %(*objectname) [12ms]
2023-02-27 10:44:53.440 [info] > git rev-parse --show-toplevel [16ms]
2023-02-27 10:44:53.446 [info] > git rev-parse --show-toplevel [1ms]
2023-02-27 10:44:53.450 [info] > git config --get commit.template [10ms]
2023-02-27 10:44:53.452 [info] > git rev-parse --show-toplevel [3ms]
2023-02-27 10:44:53.459 [info] > git rev-parse --show-toplevel [3ms]
2023-02-27 10:44:53.463 [info] > git for-each-ref --format=%(refname)%00%(upstream:short)%00%(objectname)%00%(upstream:track)%00%(upstream:remotename)%00%(upstream:remoteref) refs/heads/main refs/remotes/main [4ms]
2023-02-27 10:44:53.498 [info] > git status -z -uall [32ms]
2023-02-27 10:44:53.498 [info] > git for-each-ref --sort -committerdate --format %(refname) %(objectname) %(*objectname) [28ms]
2023-02-27 10:44:53.502 [info] > git rev-parse --show-toplevel [38ms]
2023-02-27 10:44:53.509 [info] > git rev-parse --show-toplevel [4ms]
2023-02-27 10:44:53.515 [info] > git rev-parse --show-toplevel [2ms]
2023-02-27 10:44:53.520 [info] > git rev-parse --show-toplevel [2ms]
2023-02-27 10:44:53.526 [info] > git rev-parse --show-toplevel [1ms]
2023-02-27 10:44:53.530 [info] > git rev-parse --show-toplevel [1ms]
2023-02-27 10:44:53.534 [info] > git rev-parse --show-toplevel [0ms]
2023-02-27 10:44:53.538 [info] > git rev-parse --show-toplevel [0ms]
2023-02-27 10:44:53.542 [info] > git rev-parse --show-toplevel [1ms]
2023-02-27 10:44:53.894 [info] > git check-ignore -v -z --stdin [1ms]
2023-02-27 10:44:55.636 [info] > git config --get commit.template [3ms]
2023-02-27 10:44:55.637 [info] > git for-each-ref --format=%(refname)%00%(upstream:short)%00%(objectname)%00%(upstream:track)%00%(upstream:remotename)%00%(upstream:remoteref) refs/heads/main refs/remotes/main [1ms]
2023-02-27 10:44:55.644 [info] > git for-each-ref --sort -committerdate --format %(refname) %(objectname) %(*objectname) [1ms]
2023-02-27 10:44:55.647 [info] > git status -z -uall [7ms]
2023-02-27 10:45:01.158 [info] > git check-ignore -v -z --stdin [1ms]
2023-02-27 10:45:26.799 [info] > git config --get commit.template [1ms]
2023-02-27 10:45:26.803 [info] > git for-each-ref --format=%(refname)%00%(upstream:short)%00%(objectname)%00%(upstream:track)%00%(upstream:remotename)%00%(upstream:remoteref) refs/heads/main refs/remotes/main [1ms]
2023-02-27 10:45:26.810 [info] > git for-each-ref --sort -committerdate --format %(refname) %(objectname) %(*objectname) [1ms]
2023-02-27 10:45:26.814 [info] > git status -z -uall [8ms]
2023-02-27 10:45:30.056 [info] > git check-ignore -v -z --stdin [2ms]
2023-02-27 10:45:31.832 [info] > git config --get commit.template [3ms]
2023-02-27 10:45:31.832 [info] > git for-each-ref --format=%(refname)%00%(upstream:short)%00%(objectname)%00%(upstream:track)%00%(upstream:remotename)%00%(upstream:remoteref) refs/heads/main refs/remotes/main [0ms]
2023-02-27 10:45:31.838 [info] > git for-each-ref --sort -committerdate --format %(refname) %(objectname) %(*objectname) [1ms]
2023-02-27 10:45:31.842 [info] > git status -z -uall [7ms]
2023-02-27 10:45:41.118 [info] > git config --get commit.template [0ms]
2023-02-27 10:45:41.122 [info] > git for-each-ref --format=%(refname)%00%(upstream:short)%00%(objectname)%00%(upstream:track)%00%(upstream:remotename)%00%(upstream:remoteref) refs/heads/main refs/remotes/main [1ms]
2023-02-27 10:45:41.129 [info] > git for-each-ref --sort -committerdate --format %(refname) %(objectname) %(*objectname) [1ms]
2023-02-27 10:45:41.132 [info] > git status -z -uall [8ms]
2023-02-27 10:45:47.410 [info] > git config --get commit.template [1ms]
2023-02-27 10:45:47.413 [info] > git for-each-ref --format=%(refname)%00%(upstream:short)%00%(objectname)%00%(upstream:track)%00%(upstream:remotename)%00%(upstream:remoteref) refs/heads/main refs/remotes/main [1ms]
2023-02-27 10:45:47.419 [info] > git for-each-ref --sort -committerdate --format %(refname) %(objectname) %(*objectname) [1ms]
2023-02-27 10:45:47.422 [info] > git status -z -uall [7ms]
